<?xml version="1.0" encoding="UTF-8"?>
<testsuite name="banking.CreateCommandValidatorTest" tests="46" skipped="0" failures="0" errors="0" timestamp="2022-12-03T09:27:23" hostname="DESKTOP-94V4V9I" time="0.022">
  <properties/>
  <testcase name="create_savings_id_too_short()" classname="banking.CreateCommandValidatorTest" time="0.0"/>
  <testcase name="create_apr_is_negative()" classname="banking.CreateCommandValidatorTest" time="0.0"/>
  <testcase name="valid_apr_minimum_value()" classname="banking.CreateCommandValidatorTest" time="0.0"/>
  <testcase name="create_cd_without_initial_amount_entered()" classname="banking.CreateCommandValidatorTest" time="0.0"/>
  <testcase name="valid_apr_upper_boundary()" classname="banking.CreateCommandValidatorTest" time="0.0"/>
  <testcase name="create_id_too_long()" classname="banking.CreateCommandValidatorTest" time="0.0"/>
  <testcase name="create_apr_value_too_big()" classname="banking.CreateCommandValidatorTest" time="0.001"/>
  <testcase name="valid_cd_minimum_boundary_amount()" classname="banking.CreateCommandValidatorTest" time="0.0"/>
  <testcase name="create_id_is_unique()" classname="banking.CreateCommandValidatorTest" time="0.001"/>
  <testcase name="cd_amount_boundary_above_max()" classname="banking.CreateCommandValidatorTest" time="0.0"/>
  <testcase name="create_contains_invalid_account_type()" classname="banking.CreateCommandValidatorTest" time="0.0"/>
  <testcase name="valid_create_checking_account()" classname="banking.CreateCommandValidatorTest" time="0.0"/>
  <testcase name="create_command_has_too_many_inputs()" classname="banking.CreateCommandValidatorTest" time="0.0"/>
  <testcase name="command_valid_case_insensitivity()" classname="banking.CreateCommandValidatorTest" time="0.001"/>
  <testcase name="create_cd_command_initial_balance_zero()" classname="banking.CreateCommandValidatorTest" time="0.0"/>
  <testcase name="cd_amount_boundary_below_min()" classname="banking.CreateCommandValidatorTest" time="0.001"/>
  <testcase name="inputs_out_of_order()" classname="banking.CreateCommandValidatorTest" time="0.0"/>
  <testcase name="create_id_has_no_id_input()" classname="banking.CreateCommandValidatorTest" time="0.001"/>
  <testcase name="create_cd_id_too_short()" classname="banking.CreateCommandValidatorTest" time="0.0"/>
  <testcase name="create_command_has_too_few_inputs()" classname="banking.CreateCommandValidatorTest" time="0.001"/>
  <testcase name="valid_cd_maximum_boundary_amount()" classname="banking.CreateCommandValidatorTest" time="0.0"/>
  <testcase name="invalid_create_id_is_non_integer()" classname="banking.CreateCommandValidatorTest" time="0.0"/>
  <testcase name="apr_above_max_boundary()" classname="banking.CreateCommandValidatorTest" time="0.001"/>
  <testcase name="valid_apr_lower_boundary()" classname="banking.CreateCommandValidatorTest" time="0.0"/>
  <testcase name="create_apr_is_invalid()" classname="banking.CreateCommandValidatorTest" time="0.001"/>
  <testcase name="valid_cd_maximum_amount()" classname="banking.CreateCommandValidatorTest" time="0.0"/>
  <testcase name="create_cd_amount_too_big()" classname="banking.CreateCommandValidatorTest" time="0.001"/>
  <testcase name="apr_above_min_boundary()" classname="banking.CreateCommandValidatorTest" time="0.0"/>
  <testcase name="create_checking_id_too_short()" classname="banking.CreateCommandValidatorTest" time="0.0"/>
  <testcase name="cd_amount_above_max()" classname="banking.CreateCommandValidatorTest" time="0.0"/>
  <testcase name="valid_apr_maximum_value()" classname="banking.CreateCommandValidatorTest" time="0.0"/>
  <testcase name="valid_cd_minimum_amount()" classname="banking.CreateCommandValidatorTest" time="0.0"/>
  <testcase name="create_cd_amount_too_small()" classname="banking.CreateCommandValidatorTest" time="0.001"/>
  <testcase name="cd_amount_below_min()" classname="banking.CreateCommandValidatorTest" time="0.0"/>
  <testcase name="valid_create_cd_account_with_decimal_amount()" classname="banking.CreateCommandValidatorTest" time="0.001"/>
  <testcase name="create_id_is_positive()" classname="banking.CreateCommandValidatorTest" time="0.0"/>
  <testcase name="create_id_already_exists()" classname="banking.CreateCommandValidatorTest" time="0.0"/>
  <testcase name="create_apr_has_no_apr_input()" classname="banking.CreateCommandValidatorTest" time="0.0"/>
  <testcase name="create_id_is_negative()" classname="banking.CreateCommandValidatorTest" time="0.0"/>
  <testcase name="create_missing_account_type()" classname="banking.CreateCommandValidatorTest" time="0.001"/>
  <testcase name="create_cd_amount_not_integer()" classname="banking.CreateCommandValidatorTest" time="0.0"/>
  <testcase name="apr_below_max_boundary()" classname="banking.CreateCommandValidatorTest" time="0.0"/>
  <testcase name="create_command_missing_create_input()" classname="banking.CreateCommandValidatorTest" time="0.0"/>
  <testcase name="valid_create_savings_account()" classname="banking.CreateCommandValidatorTest" time="0.0"/>
  <testcase name="valid_create_cd_account()" classname="banking.CreateCommandValidatorTest" time="0.0"/>
  <testcase name="apr_below_min_boundary()" classname="banking.CreateCommandValidatorTest" time="0.001"/>
  <system-out><![CDATA[]]></system-out>
  <system-err><![CDATA[]]></system-err>
</testsuite>
