<?xml version="1.0" encoding="UTF-8"?>
<testsuite name="banking.CommandStorageTest" tests="4" skipped="0" failures="0" errors="0" timestamp="2022-12-03T05:09:56" hostname="DESKTOP-94V4V9I" time="0.003">
  <properties/>
  <testcase name="add_to_list_of_invalid_commands()" classname="banking.CommandStorageTest" time="0.001"/>
  <testcase name="get_list_in_sequential_order()" classname="banking.CommandStorageTest" time="0.0"/>
  <testcase name="is_invalid_list_empty()" classname="banking.CommandStorageTest" time="0.0"/>
  <testcase name="add_multiple_to_list_of_invalid_commands()" classname="banking.CommandStorageTest" time="0.0"/>
  <system-out><![CDATA[]]></system-out>
  <system-err><![CDATA[]]></system-err>
</testsuite>
