<?xml version="1.0" encoding="UTF-8"?>
<testsuite name="banking.DepositCommandValidatorTest" tests="35" skipped="0" failures="0" errors="0" timestamp="2022-12-04T01:06:56" hostname="DESKTOP-94V4V9I" time="0.033">
  <properties/>
  <testcase name="bank_account_does_not_exist()" classname="banking.DepositCommandValidatorTest" time="0.0"/>
  <testcase name="valid_maximum_deposit_checking_account()" classname="banking.DepositCommandValidatorTest" time="0.0"/>
  <testcase name="deposit_command_has_non_integer_amount()" classname="banking.DepositCommandValidatorTest" time="0.0"/>
  <testcase name="cannot_deposit_negative_amount_into_account()" classname="banking.DepositCommandValidatorTest" time="0.001"/>
  <testcase name="valid_lower_boundary_deposit_savings_account()" classname="banking.DepositCommandValidatorTest" time="0.0"/>
  <testcase name="deposit_command_has_non_integer_id()" classname="banking.DepositCommandValidatorTest" time="0.0"/>
  <testcase name="deposit_command_has_negative_id()" classname="banking.DepositCommandValidatorTest" time="0.001"/>
  <testcase name="account_id_too_short()" classname="banking.DepositCommandValidatorTest" time="0.0"/>
  <testcase name="command_valid_case_insensitivity()" classname="banking.DepositCommandValidatorTest" time="0.0"/>
  <testcase name="valid_deposit_into_checking_account_command_with_decimal_amount()" classname="banking.DepositCommandValidatorTest" time="0.0"/>
  <testcase name="cannot_deposit_into_cd_account()" classname="banking.DepositCommandValidatorTest" time="0.001"/>
  <testcase name="deposit_command_missing_id()" classname="banking.DepositCommandValidatorTest" time="0.001"/>
  <testcase name="deposit_command_misspelled()" classname="banking.DepositCommandValidatorTest" time="0.0"/>
  <testcase name="valid_upper_boundary_deposit_savings_account()" classname="banking.DepositCommandValidatorTest" time="0.0"/>
  <testcase name="valid_deposit_into_savings_account_command_with_decimal_amount()" classname="banking.DepositCommandValidatorTest" time="0.0"/>
  <testcase name="invalid_command_too_many_inputs_given()" classname="banking.DepositCommandValidatorTest" time="0.0"/>
  <testcase name="invalid_upper_boundary_deposit_checking_account()" classname="banking.DepositCommandValidatorTest" time="0.0"/>
  <testcase name="valid_deposit_checking_command()" classname="banking.DepositCommandValidatorTest" time="0.001"/>
  <testcase name="valid_maximum_deposit_savings_account()" classname="banking.DepositCommandValidatorTest" time="0.001"/>
  <testcase name="invalid_lower_boundary_deposit_savings_account()" classname="banking.DepositCommandValidatorTest" time="0.0"/>
  <testcase name="inputs_are_in_wrong_order()" classname="banking.DepositCommandValidatorTest" time="0.001"/>
  <testcase name="invalid_lower_boundary_deposit_checking_account()" classname="banking.DepositCommandValidatorTest" time="0.001"/>
  <testcase name="valid_upper_boundary_deposit_checking_account()" classname="banking.DepositCommandValidatorTest" time="0.001"/>
  <testcase name="deposit_command_missing_amount()" classname="banking.DepositCommandValidatorTest" time="0.001"/>
  <testcase name="invalid_command_no_inputs_given()" classname="banking.DepositCommandValidatorTest" time="0.001"/>
  <testcase name="valid_minimum_deposit_checking_account()" classname="banking.DepositCommandValidatorTest" time="0.001"/>
  <testcase name="valid_lower_boundary_deposit_checking_account()" classname="banking.DepositCommandValidatorTest" time="0.001"/>
  <testcase name="checking_account_does_exist_for_depositing()" classname="banking.DepositCommandValidatorTest" time="0.0"/>
  <testcase name="savings_account_does_exist_for_depositing()" classname="banking.DepositCommandValidatorTest" time="0.0"/>
  <testcase name="account_id_too_long()" classname="banking.DepositCommandValidatorTest" time="0.0"/>
  <testcase name="valid_deposit_savings_command()" classname="banking.DepositCommandValidatorTest" time="0.0"/>
  <testcase name="invalid_deposit_amount_is_noninteger_and_negative()" classname="banking.DepositCommandValidatorTest" time="0.0"/>
  <testcase name="deposit_input_missing_from_command()" classname="banking.DepositCommandValidatorTest" time="0.0"/>
  <testcase name="invalid_upper_boundary_deposit_savings_account()" classname="banking.DepositCommandValidatorTest" time="0.0"/>
  <testcase name="valid_minimum_deposit_savings_account()" classname="banking.DepositCommandValidatorTest" time="0.0"/>
  <system-out><![CDATA[]]></system-out>
  <system-err><![CDATA[]]></system-err>
</testsuite>
