<?xml version="1.0" encoding="UTF-8"?>
<testsuite name="CommandValidatorTest" tests="4" skipped="0" failures="0" errors="0" timestamp="2022-12-02T22:48:54" hostname="DESKTOP-94V4V9I" time="0.004">
  <properties/>
  <testcase name="command_input_has_invalid_command()" classname="CommandValidatorTest" time="0.003"/>
  <testcase name="no_inputs_given_in_command()" classname="CommandValidatorTest" time="0.0"/>
  <testcase name="command_missing_command_input()" classname="CommandValidatorTest" time="0.0"/>
  <testcase name="command_has_too_many_inputs()" classname="CommandValidatorTest" time="0.0"/>
  <system-out><![CDATA[]]></system-out>
  <system-err><![CDATA[]]></system-err>
</testsuite>
