<?xml version="1.0" encoding="UTF-8"?>
<testsuite name="banking.AccountTest" tests="9" skipped="0" failures="0" errors="0" timestamp="2022-12-03T05:09:56" hostname="DESKTOP-94V4V9I" time="0.033">
  <properties/>
  <testcase name="does_the_savings_account_have_an_id()" classname="banking.AccountTest" time="0.023"/>
  <testcase name="does_the_checking_account_have_a_starting_balance()" classname="banking.AccountTest" time="0.004"/>
  <testcase name="does_the_savings_account_have_an_apr()" classname="banking.AccountTest" time="0.001"/>
  <testcase name="does_the_cd_account_have_an_id()" classname="banking.AccountTest" time="0.0"/>
  <testcase name="does_the_cd_account_have_a_starting_balance()" classname="banking.AccountTest" time="0.0"/>
  <testcase name="does_the_checking_account_have_an_apr()" classname="banking.AccountTest" time="0.0"/>
  <testcase name="does_the_cd_account_have_an_apr()" classname="banking.AccountTest" time="0.0"/>
  <testcase name="does_the_checking_account_have_an_id()" classname="banking.AccountTest" time="0.0"/>
  <testcase name="does_the_savings_account_have_a_starting_balance()" classname="banking.AccountTest" time="0.0"/>
  <system-out><![CDATA[]]></system-out>
  <system-err><![CDATA[]]></system-err>
</testsuite>
