<?xml version="1.0" encoding="UTF-8"?>
<testsuite name="banking.CreateCommandProcessorTest" tests="3" skipped="0" failures="0" errors="0" timestamp="2022-12-04T04:53:16" hostname="DESKTOP-94V4V9I" time="0.005">
  <properties/>
  <testcase name="valid_create_cd_account_processed()" classname="banking.CreateCommandProcessorTest" time="0.004"/>
  <testcase name="valid_create_deposit_account_processed()" classname="banking.CreateCommandProcessorTest" time="0.0"/>
  <testcase name="valid_create_checking_account_processed()" classname="banking.CreateCommandProcessorTest" time="0.0"/>
  <system-out><![CDATA[]]></system-out>
  <system-err><![CDATA[]]></system-err>
</testsuite>
