<?xml version="1.0" encoding="UTF-8"?>
<testsuite name="banking.DepositCommandValidatorTest" tests="1" skipped="0" failures="0" errors="0" timestamp="2022-12-03T02:21:28" hostname="DESKTOP-94V4V9I" time="0.019">
  <properties/>
  <testcase name="invalid_upper_boundary_deposit_savings_account()" classname="banking.DepositCommandValidatorTest" time="0.019"/>
  <system-out><![CDATA[]]></system-out>
  <system-err><![CDATA[]]></system-err>
</testsuite>
