<?xml version="1.0" encoding="UTF-8"?>
<testsuite name="banking.PassCommandValidatorTest" tests="13" skipped="0" failures="0" errors="0" timestamp="2022-12-04T01:06:56" hostname="DESKTOP-94V4V9I" time="0.009">
  <properties/>
  <testcase name="invalid_pass_negative_months()" classname="banking.PassCommandValidatorTest" time="0.0"/>
  <testcase name="invalid_pass_zero_months()" classname="banking.PassCommandValidatorTest" time="0.0"/>
  <testcase name="valid_pass_one_month()" classname="banking.PassCommandValidatorTest" time="0.001"/>
  <testcase name="invalid_command_too_many_inputs()" classname="banking.PassCommandValidatorTest" time="0.001"/>
  <testcase name="invalid_pass_above_max_boundary_months()" classname="banking.PassCommandValidatorTest" time="0.0"/>
  <testcase name="valid_pass_two_months()" classname="banking.PassCommandValidatorTest" time="0.0"/>
  <testcase name="valid_pass_max_months()" classname="banking.PassCommandValidatorTest" time="0.0"/>
  <testcase name="invalid_command_no_input()" classname="banking.PassCommandValidatorTest" time="0.001"/>
  <testcase name="invalid_pass_months_input_noninteger_value()" classname="banking.PassCommandValidatorTest" time="0.001"/>
  <testcase name="valid_pass_below_max_boundary_months()" classname="banking.PassCommandValidatorTest" time="0.0"/>
  <testcase name="invalid_pass_months_input_is_a_decimal()" classname="banking.PassCommandValidatorTest" time="0.0"/>
  <testcase name="invalid_pass_months_input_contains_special_characters()" classname="banking.PassCommandValidatorTest" time="0.0"/>
  <testcase name="invalid_pass_no_months_input()" classname="banking.PassCommandValidatorTest" time="0.0"/>
  <system-out><![CDATA[]]></system-out>
  <system-err><![CDATA[]]></system-err>
</testsuite>
