<?xml version="1.0" encoding="UTF-8"?>
<testsuite name="MasterControlTest" tests="4" skipped="0" failures="0" errors="0" timestamp="2022-12-02T22:48:54" hostname="DESKTOP-94V4V9I" time="0.002">
  <properties/>
  <testcase name="create_command_is_invalid_misspelled()" classname="MasterControlTest" time="0.0"/>
  <testcase name="deposit_command_is_invalid_misspelled()" classname="MasterControlTest" time="0.001"/>
  <testcase name="two_invalid_commands_misspelled()" classname="MasterControlTest" time="0.0"/>
  <testcase name="invalid_command_account_id_already_exists()" classname="MasterControlTest" time="0.0"/>
  <system-out><![CDATA[]]></system-out>
  <system-err><![CDATA[]]></system-err>
</testsuite>
