<?xml version="1.0" encoding="UTF-8"?>
<testsuite name="banking.CommandValidatorTest" tests="4" skipped="0" failures="0" errors="0" timestamp="2022-12-03T05:09:56" hostname="DESKTOP-94V4V9I" time="0.009">
  <properties/>
  <testcase name="command_input_has_invalid_command()" classname="banking.CommandValidatorTest" time="0.007"/>
  <testcase name="no_inputs_given_in_command()" classname="banking.CommandValidatorTest" time="0.0"/>
  <testcase name="command_missing_command_input()" classname="banking.CommandValidatorTest" time="0.0"/>
  <testcase name="command_has_too_many_inputs()" classname="banking.CommandValidatorTest" time="0.0"/>
  <system-out><![CDATA[]]></system-out>
  <system-err><![CDATA[]]></system-err>
</testsuite>
