<?xml version="1.0" encoding="UTF-8"?>
<testsuite name="CreateCommandValidatorTest" tests="39" skipped="0" failures="0" errors="0" timestamp="2022-12-02T11:02:20" hostname="DESKTOP-94V4V9I" time="0.021">
  <properties/>
  <testcase name="create_apr_is_negative()" classname="CreateCommandValidatorTest" time="0.003"/>
  <testcase name="valid_apr_minimum_value()" classname="CreateCommandValidatorTest" time="0.0"/>
  <testcase name="create_cd_without_initial_amount_entered()" classname="CreateCommandValidatorTest" time="0.0"/>
  <testcase name="valid_apr_upper_boundary()" classname="CreateCommandValidatorTest" time="0.0"/>
  <testcase name="create_id_too_long()" classname="CreateCommandValidatorTest" time="0.001"/>
  <testcase name="create_apr_value_too_big()" classname="CreateCommandValidatorTest" time="0.0"/>
  <testcase name="valid_cd_minimum_boundary_amount()" classname="CreateCommandValidatorTest" time="0.0"/>
  <testcase name="create_id_is_unique()" classname="CreateCommandValidatorTest" time="0.0"/>
  <testcase name="cd_amount_boundary_above_max()" classname="CreateCommandValidatorTest" time="0.0"/>
  <testcase name="create_contains_invalid_account_type()" classname="CreateCommandValidatorTest" time="0.0"/>
  <testcase name="valid_create_checking_account()" classname="CreateCommandValidatorTest" time="0.0"/>
  <testcase name="create_command_has_too_many_inputs()" classname="CreateCommandValidatorTest" time="0.0"/>
  <testcase name="command_valid_case_insensitivity()" classname="CreateCommandValidatorTest" time="0.0"/>
  <testcase name="no_inputs_given_in_command()" classname="CreateCommandValidatorTest" time="0.0"/>
  <testcase name="create_cd_command_initial_balance_zero()" classname="CreateCommandValidatorTest" time="0.0"/>
  <testcase name="cd_amount_boundary_below_min()" classname="CreateCommandValidatorTest" time="0.0"/>
  <testcase name="inputs_out_of_order()" classname="CreateCommandValidatorTest" time="0.0"/>
  <testcase name="create_id_has_no_id_input()" classname="CreateCommandValidatorTest" time="0.0"/>
  <testcase name="create_command_has_too_few_inputs()" classname="CreateCommandValidatorTest" time="0.0"/>
  <testcase name="valid_cd_maximum_boundary_amount()" classname="CreateCommandValidatorTest" time="0.0"/>
  <testcase name="invalid_create_id_is_non_integer()" classname="CreateCommandValidatorTest" time="0.0"/>
  <testcase name="valid_apr_lower_boundary()" classname="CreateCommandValidatorTest" time="0.001"/>
  <testcase name="create_apr_is_invalid()" classname="CreateCommandValidatorTest" time="0.0"/>
  <testcase name="valid_cd_maximum_amount()" classname="CreateCommandValidatorTest" time="0.0"/>
  <testcase name="create_cd_amount_too_big()" classname="CreateCommandValidatorTest" time="0.0"/>
  <testcase name="cd_amount_above_max()" classname="CreateCommandValidatorTest" time="0.0"/>
  <testcase name="valid_apr_maximum_value()" classname="CreateCommandValidatorTest" time="0.0"/>
  <testcase name="valid_cd_minimum_amount()" classname="CreateCommandValidatorTest" time="0.0"/>
  <testcase name="create_cd_amount_too_small()" classname="CreateCommandValidatorTest" time="0.001"/>
  <testcase name="cd_amount_below_min()" classname="CreateCommandValidatorTest" time="0.0"/>
  <testcase name="create_id_already_exists()" classname="CreateCommandValidatorTest" time="0.0"/>
  <testcase name="create_apr_has_no_apr_input()" classname="CreateCommandValidatorTest" time="0.0"/>
  <testcase name="create_id_is_negative()" classname="CreateCommandValidatorTest" time="0.0"/>
  <testcase name="create_missing_account_type()" classname="CreateCommandValidatorTest" time="0.0"/>
  <testcase name="create_cd_amount_not_integer()" classname="CreateCommandValidatorTest" time="0.0"/>
  <testcase name="create_command_missing_create_input()" classname="CreateCommandValidatorTest" time="0.001"/>
  <testcase name="valid_create_savings_account()" classname="CreateCommandValidatorTest" time="0.0"/>
  <testcase name="valid_create_cd_account()" classname="CreateCommandValidatorTest" time="0.001"/>
  <testcase name="create_id_too_short()" classname="CreateCommandValidatorTest" time="0.0"/>
  <system-out><![CDATA[]]></system-out>
  <system-err><![CDATA[]]></system-err>
</testsuite>
