<?xml version="1.0" encoding="UTF-8"?>
<testsuite name="banking.PassCommandProcessorTest" tests="3" skipped="0" failures="0" errors="0" timestamp="2022-12-04T01:06:56" hostname="DESKTOP-94V4V9I" time="0.002">
  <properties/>
  <testcase name="valid_pass_three_months_with_balance_greater_than_minimum_balance_threshold()" classname="banking.PassCommandProcessorTest" time="0.0"/>
  <testcase name="valid_pass_two_months_with_balance_greater_than_minimum_balance_threshold()" classname="banking.PassCommandProcessorTest" time="0.0"/>
  <testcase name="valid_pass_one_month_with_balance_greater_than_minimum_balance_threshold()" classname="banking.PassCommandProcessorTest" time="0.0"/>
  <system-out><![CDATA[]]></system-out>
  <system-err><![CDATA[]]></system-err>
</testsuite>
